perceive 3
met 1
orders 2
violently 1
solid 2
interrupted 1
fourth 2
an 6
producing 1
my 34
part 1
borne 1
ceased 1
even 1
stir 1
whenever 1
pile 1
waist 1
remarkably 1
earliest 1
lay 2
whither 1
fifth 1
soon 2
montresors 2
moment 2
hesitated 1
time 3
adopted 1
interval 1
might 1
winding 1
began 2
draught 2
doubt 1
done 2
impune 1
flame 1
resumed 1
descended 1
single 1
length 3
life 1
mould 1
impossible 3
retribution 1
prided 1
appeared 1
stood 2
staples 1
silly 1
uplifting 1
folds 1
bursting 1
return 3
satisfy 1
unneccessarily-but 1
catacombs 6
once 2
only 2
links 1
impatient 1
suites 1
few 4
mound 1
said 24
are 14
observe 1
medoc 3
precluded 1
cannot 4
he!-he 1
position 2
all 3
imbedded 1
bargain 1
warm 1
fails 1
suit 1
ha 2
colossal 1
trowel 3
heavily 1
a 62
down 3
alarming 1
thrust 2
niche 3
deep 1
you 25
low 3
called 2
help 1
vintages 1
so 4
was 28
cough 4
black 1
drinking 1
nothing 4
together 1
made 2
joke 1
vowed 1
interruption 1
noise 1
arms 1
progress 1
hurry 1
portion 1
seemed 2
with 19
sufficient 1
countrymen 1
circumscribing 1
tell 2
throat 1
face 1
brotherhood 1
thought 2
middle 1
settled-but 1
unsheathing 1
eyes 3
montresor 1
our 3
bought 1
engagement;-come 1
rheum 1
amontillado 17
nitre 5
level 1
screams 1
to 49
missed 1
make 3
recoiling 1
proceeded 1
encountered 1
when 5
kill 1
given 2
must 4
skeletons 1
end 2
descending 1
madness 1
poe 1
midnight 1
forget 1
found 2
first 3
here 1
avenger 1
astounded 1
for 15
second 1
explicit 1
redresser 1
manner 1
range 1
thrown 1
most 2
yes 6
leaned 1
lined 1
very 3
cause 1
imposed 1
overhead 1
feeling 1
morning 1
recesses 1
pace 1
serpent 1
conical 1
off 2
feet 2
distilled 1
great 3
grotesque 1
dear 1
measure 1
austrian 1
cask 1
damps 1
pleased 1
buried 1
laughed 1
labours 1
short 1
caused 1
respect 1
earth 1
practice 1
descent 1
giving 1
strode 1
half 1
clamourer 1
suppose 1
friend 7
precious 1
enable 1
weak 1
impunity 1
possessed 1
heel 1
go 6
ignoramus 1
honour 1
inmost 1
price 1
paces 1
above 1
head 2
supreme 1
italian 1
asked 1
plastered 2
forth 1
know 1
side 1
grope 1
field 1
aided 1
wine-he 1
remained 1
took 2
casks 1
fabric 1
as 14
mask 1
encrusted 1
herein 1
rest 1
without 2
italians 1
movement-a 1
let 8
the 168
seventh 1
three 2
luchresi 6
consulting 1
well 3
instant 2
they 3
chained 1
damp 3
beloved 1
understand 1
materials 1
recognizing 1
allan 1
replacing 1
puncheons 1
fortunato-although 1
dull 1
supports 1
ill 1
until 1
edgar 1
familiarly 1
insufferably 1
struggled 1
perceived 1
key 1
drawing 2
forced 1
below 1
am 1
cold 2
other 3
within 4
roof 1
sixth 1
on 6
been 5
mortal 1
size 1
remains 1
ornamented 1
many 2
gleams 1
fettered 1
finding 1
astonishment 1
came 3
wall 5
eleventh 1
wont 1
still 4
impose 1
holding 1
requiescat 1
ninth 1
tool 1
flambeaux 3
motley 1
row 1
requesting 1
responsible 1
much 2
led 1
himself 3
and 62
than 1
hearkened 1
mere 1
foot 3
satisfaction 1
we 11
punish 2
home 1
however 1
piled 2
die 1
respected 2
now 4
some 2
excessive 1
drew 1
six 1
loud 1
gave 1
dampness 1
exclaimed 1
followed 2
gesticulation 1
sign 2
would 1
task 1
do 1
staircase 1
height 1
neck 1
heart 1
succession 1
archway 1
resist 1
fancy 1
felt 2
warmth 1
them 6
several 2
two 5
de 1
gone 2
skilful 1
farther 1
out 1
fearful 1
fortunato 13
point-this 1
tenth 1
flacon 1
their 4
among 2
wore 1
building 1
resolved 1
bewildered 1
huge 1
immediately 1
eighth 1
formed 1
cautious 1
should 3
again 6
which 8
indeed 2
heels 1
presenting 1
utterance 1
moisture 1
use 2
ground 1
speaking 1
by 7
passes 1
re-erected 1
horizontally 1
positively 1
reached 2
enthusiasm 1
grew 4
long 6
form 1
way 1
nearly 1
during 2
told 1
defend 1
width 1
enough 2
moaning 1
severe 1
century 1
be 13
true 2
remote 1
rather 1
search 1
comprehend 1
surface 1
never 1
aside 1
finished 2
palazzo-he 1
no 11
deed 1
happy 1
close 1
but 16
differ 1
before 1
taste 1
render 1
remaining 1
revenge 1
iron 1
me 11
hearken 1
disturbed 1
excellent 1
he!-a 1
less 1
insure 1
depended 1
threat 1
regards 1
tight-fitting 1
seven 1
vain 2
stepped 2
painting 1
british 1
ejaculated 1
turn 1
us 10
partially 1
ugh 7
river's 1
implore 1
connoisseurship 1
laugh 2
volume 1
reapproached 1
between 1
pipe 3
luckily 1
good 4
spoken 1
quack 1
clamoured 1
forming 1
pay 1
padlock 1
minutes 2
late 2
subsided 1
succeeded 1
motto 1
sparkled 1
against 1
answered 1
intention 1
engagement 2
your 8
another 2
interior 2
him 12
dress 1
figure 1
tier 4
palazzo 1
virtuoso 1
engaged 1
accosted 1
hairs 1
voice 2
emptied 1
worn 1
bold 1
distinguish 1
bells 5
rock 1
continued 2
bottle 2
immolation 1
repeated 1
sides 1
nevertheless 1
leave 1
sherry 2
own 2
indeed-an 1
hand 3
rampart 1
cloak 1
wine 3
masons 1
pass 1
little 1
it 38
will 14
he!-over 1
difficulty 1
flashed 1
wines 1
rout 1
constructed 1
getting 1
jingling 1
raised 1
obstinate 1
stupidly 1
disappearance 1
indication 1
brief 1
any 1
extensive 1
filmy 1
sad 1
depth 3
from 18
looked 2
threw 2
azure 1
old 2
putting 1
rays 1
while 2
nodded 1
displacing 1
wrong 2
shall 1
had 21
then 4
clanking 1
mason-work 1
surpassed 1
family 1
work 1
point 2
erected 1
reechoed 1
distant 1
especial 1
yet 2
these 7
repose 1
god 2
feeble 2
extremity 1
were 6
into 5
there 7
attendants 1
light 2
numerous 1
ventured 1
nor 1
jingled 3
silence 1
vaults 5
new 1
reassured 1
person 1
itself 1
definitiveness 1
decision 1
passed 4
words 2
that 18
bowed 1
quantity 1
pry 1
he!-yes 1
such 1
how 4
vibration 1
have 14
vault 1
cry 2
poor 1
come 3
answer 2
breath 1
hastened 1
vigorously 1
fashion 1
sincere 1
entrance 1
drunken 1
broke 1
lacessit 1
is 20
labour 1
could 2
best 1
upwards 1
exposed 1
recovered 1
evening 1
like 2
arm 4
towards 1
shrill 1
myself 2
too 2
match 1
in 34
silk 1
termination 1
cavern 1
imposture 1
suffered 1
withdrawing 1
house 1
matter 3
looking 1
losing 1
avenged 1
leer 1
forward 1
equally 1
overtakes 1
man 4
last 4
web-work 1
mortar 1
paused 3
noble 1
masonry 2
him-``my 1
rampant 1
i 109
arrested 1
attentions 1
fall 1
third 1
seize 1
ere 1
recess 5
love 2
sconces 1
idea 1
scarcely 1
rooms 1
spirit 1
critical 1
each 1
nemo 1
unsteady 1
awaiting 1
beneath 2
insult 1
its 8
closely 1
uncovered 1
granite 2
definitively 1
received 1
at 15
up 2
discovered 1
fellows 1
thousand 1
mason 2
four 1
about 7
paris 1
wringing 1
doubts 3
grave 1
trembled 1
dusk 1
satisfied 1
human 2
glow 1
intoxication 2
unsteadily 1
caution 1
admired 1
see 3
hangs 1
aperture 1
bed 1
replied 8
surprise 1
lasted 1
weight 1
merely 2
foulness 1
white 1
sat 1
breast 1
materially;-i 1
soul 1
crypt 4
over 2
largely 1
strength 1
trickle 1
who 3
afflicted 1
gemmary 1
elbow 1
did 5
carnival 2
walls 4
unredressed 2
reply 2
yells 1
palazzo-the 1
not 21
to-day 1
fools 1
opportunity 1
promiscuously 1
drops 1
lips 1
furious 1
feared 1
or 2
absconded 1
whose 1
true-true 1
ha!-he 1
arrived 1
aid 1
parti-striped 1
torch 2
besides 1
fitted 1
neither 1
lady 1
merry 1
cap 2
his 17
word 1
this 9
backed 1
smile 2
throwing 2
orbs 1
around 1
gait 1
sick 1
stone 3
bones 6
aloud 1
thus 2
turned 2
drink 2
fierce 1
millionaires 1
roquelaire 2
back 6
more 3
heard 1
secure 1
understood 1
one 8
what 1
arches 1
rapier 1
knocked 1
power 1
fangs 1
through 4
air 1
proper 1
d'or 1
jest 2
upon 16
of 75
season 1
surmounted 1
injuries 1
destined 1
crushes 1
if 1
knew 1
suddenly 1
increases 1
ugh!-ugh 4
immediate 1
proceed 2
moss 1
full 1
risk 1
spacious 1
placed 2
rich 2
intermingling 1
nature 2
chain 2
he 45
health 1
laid 2
has 3
completed 1
endeavoured 1
offering 1
busied 1
seconds 1
number of buckets: 9973
number of entries: 809
number of non-empty buckets: 785
longest chain: 2
